<?xml version="1.0" encoding="UTF-8"?>
<testsuite xmlns:xsi="http://www.w3.org/2001/XMLSchema-instance" xsi:noNamespaceSchemaLocation="https://maven.apache.org/surefire/maven-surefire-plugin/xsd/surefire-test-report-3.0.xsd" version="3.0" name="paginaDeCinema.TestePersistenciaJPA" time="2.392" tests="1" errors="0" skipped="0" failures="0">
  <properties>
[...]
</properties>
  <testcase name="testPersistenciaCompleta" classname="paginaDeCinema.TestePersistenciaJPA" time="2.34">
    <system-out><![CDATA[Hibernate: alter table tb_dubles drop constraint FK4ruppgc4d8yyj1ymc6m67bsvr
Hibernate: alter table tb_Filme_Ator drop constraint FK1krywilixh349xyqrjgrmq2to
Hibernate: alter table tb_Filme_Ator drop constraint FK7n83wsed7jg85r41776y43kc2
Hibernate: alter table tb_Filme_Diretor drop constraint FKft47efs96fq24gny462hs1lhu
Hibernate: alter table tb_Filme_Diretor drop constraint FKo7fpulrnss4mglhygkyci1ybp
Hibernate: alter table tb_Filme_Roteirista drop constraint FK6m14uucbqt11ipg1v8fca2icr
Hibernate: alter table tb_Filme_Roteirista drop constraint FKi2sweyr1lpm513leip2kg2x5
Hibernate: drop table if exists tb_atores cascade
Hibernate: drop table if exists tb_diretores cascade
Hibernate: drop table if exists tb_dubles cascade
Hibernate: drop table if exists tb_Filme_Ator cascade
Hibernate: drop table if exists tb_Filme_Diretor cascade
Hibernate: drop table if exists tb_Filme_Roteirista cascade
Hibernate: drop table if exists tb_filmes cascade
Hibernate: drop table if exists tb_roteiristas cascade
Hibernate: create table tb_atores (idAtor  serial not null, nomeAtor varchar(155) not null, sexoAtor varchar(255), primary key (idAtor))
Hibernate: create table tb_diretores (idDiretor  serial not null, nomeDiretor varchar(155) not null, tipoDiretor varchar(255), primary key (idDiretor))
Hibernate: create table tb_dubles (idDuble  serial not null, nomeDuble varchar(155) not null, idAtor int4, primary key (idDuble))
Hibernate: create table tb_Filme_Ator (idFilme int4 not null, idAtor int4 not null)
Hibernate: create table tb_Filme_Diretor (idFilme int4 not null, idDiretor int4 not null)
Hibernate: create table tb_Filme_Roteirista (idFilme int4 not null, idRoteirista int4 not null)
Hibernate: create table tb_filmes (idFilme  serial not null, dataEstreia date not null, nomeFilme varchar(155) not null, notaIMDb float8 not null, primary key (idFilme))
Hibernate: create table tb_roteiristas (idRoteirista  serial not null, nomeRoteirista varchar(155) not null, primary key (idRoteirista))
Hibernate: alter table tb_dubles add constraint FK4ruppgc4d8yyj1ymc6m67bsvr foreign key (idAtor) references tb_atores
Hibernate: alter table tb_Filme_Ator add constraint FK1krywilixh349xyqrjgrmq2to foreign key (idAtor) references tb_atores
Hibernate: alter table tb_Filme_Ator add constraint FK7n83wsed7jg85r41776y43kc2 foreign key (idFilme) references tb_filmes
Hibernate: alter table tb_Filme_Diretor add constraint FKft47efs96fq24gny462hs1lhu foreign key (idDiretor) references tb_diretores
Hibernate: alter table tb_Filme_Diretor add constraint FKo7fpulrnss4mglhygkyci1ybp foreign key (idFilme) references tb_filmes
Hibernate: alter table tb_Filme_Roteirista add constraint FK6m14uucbqt11ipg1v8fca2icr foreign key (idRoteirista) references tb_roteiristas
Hibernate: alter table tb_Filme_Roteirista add constraint FKi2sweyr1lpm513leip2kg2x5 foreign key (idFilme) references tb_filmes
Hibernate: insert into tb_atores (nomeAtor, sexoAtor) values (?, ?)
Hibernate: insert into tb_atores (nomeAtor, sexoAtor) values (?, ?)
Hibernate: insert into tb_atores (nomeAtor, sexoAtor) values (?, ?)
Hibernate: insert into tb_atores (nomeAtor, sexoAtor) values (?, ?)
Hibernate: insert into tb_atores (nomeAtor, sexoAtor) values (?, ?)
Hibernate: insert into tb_diretores (nomeDiretor, tipoDiretor) values (?, ?)
Hibernate: insert into tb_diretores (nomeDiretor, tipoDiretor) values (?, ?)
Hibernate: insert into tb_diretores (nomeDiretor, tipoDiretor) values (?, ?)
Hibernate: insert into tb_diretores (nomeDiretor, tipoDiretor) values (?, ?)
Hibernate: insert into tb_diretores (nomeDiretor, tipoDiretor) values (?, ?)
Hibernate: insert into tb_roteiristas (nomeRoteirista) values (?)
Hibernate: insert into tb_roteiristas (nomeRoteirista) values (?)
Hibernate: insert into tb_roteiristas (nomeRoteirista) values (?)
Hibernate: insert into tb_roteiristas (nomeRoteirista) values (?)
Hibernate: insert into tb_roteiristas (nomeRoteirista) values (?)
Hibernate: insert into tb_dubles (idAtor, nomeDuble) values (?, ?)
Hibernate: insert into tb_dubles (idAtor, nomeDuble) values (?, ?)
Hibernate: insert into tb_dubles (idAtor, nomeDuble) values (?, ?)
Hibernate: insert into tb_dubles (idAtor, nomeDuble) values (?, ?)
Hibernate: insert into tb_dubles (idAtor, nomeDuble) values (?, ?)
Hibernate: insert into tb_filmes (dataEstreia, nomeFilme, notaIMDb) values (?, ?, ?)
Hibernate: insert into tb_Filme_Ator (idFilme, idAtor) values (?, ?)
Hibernate: insert into tb_Filme_Ator (idFilme, idAtor) values (?, ?)
Hibernate: insert into tb_Filme_Diretor (idFilme, idDiretor) values (?, ?)
Hibernate: insert into tb_Filme_Diretor (idFilme, idDiretor) values (?, ?)
Hibernate: insert into tb_Filme_Roteirista (idFilme, idRoteirista) values (?, ?)
Hibernate: insert into tb_filmes (dataEstreia, nomeFilme, notaIMDb) values (?, ?, ?)
Hibernate: insert into tb_Filme_Ator (idFilme, idAtor) values (?, ?)
Hibernate: insert into tb_Filme_Diretor (idFilme, idDiretor) values (?, ?)
Hibernate: insert into tb_Filme_Roteirista (idFilme, idRoteirista) values (?, ?)
Hibernate: insert into tb_Filme_Roteirista (idFilme, idRoteirista) values (?, ?)
Hibernate: insert into tb_Filme_Roteirista (idFilme, idRoteirista) values (?, ?)
Hibernate: insert into tb_filmes (dataEstreia, nomeFilme, notaIMDb) values (?, ?, ?)
Hibernate: insert into tb_Filme_Ator (idFilme, idAtor) values (?, ?)
Hibernate: insert into tb_Filme_Ator (idFilme, idAtor) values (?, ?)
Hibernate: insert into tb_Filme_Diretor (idFilme, idDiretor) values (?, ?)
Hibernate: insert into tb_Filme_Diretor (idFilme, idDiretor) values (?, ?)
Hibernate: insert into tb_Filme_Roteirista (idFilme, idRoteirista) values (?, ?)
Hibernate: insert into tb_Filme_Roteirista (idFilme, idRoteirista) values (?, ?)
Hibernate: insert into tb_filmes (dataEstreia, nomeFilme, notaIMDb) values (?, ?, ?)
Hibernate: insert into tb_Filme_Ator (idFilme, idAtor) values (?, ?)
Hibernate: insert into tb_Filme_Ator (idFilme, idAtor) values (?, ?)
Hibernate: insert into tb_Filme_Diretor (idFilme, idDiretor) values (?, ?)
Hibernate: insert into tb_Filme_Roteirista (idFilme, idRoteirista) values (?, ?)
Hibernate: insert into tb_filmes (dataEstreia, nomeFilme, notaIMDb) values (?, ?, ?)
Hibernate: insert into tb_Filme_Ator (idFilme, idAtor) values (?, ?)
Hibernate: insert into tb_Filme_Diretor (idFilme, idDiretor) values (?, ?)
Hibernate: insert into tb_Filme_Roteirista (idFilme, idRoteirista) values (?, ?)
Dados persistidos com sucesso!
]]></system-out>
    <system-err><![CDATA[jul. 17, 2024 10:50:45 AM org.hibernate.ejb.HibernatePersistence logDeprecation
WARN: HHH015016: Encountered a deprecated javax.persistence.spi.PersistenceProvider [org.hibernate.ejb.HibernatePersistence]; use [org.hibernate.jpa.HibernatePersistenceProvider] instead.
jul. 17, 2024 10:50:45 AM org.hibernate.ejb.HibernatePersistence logDeprecation
WARN: HHH015016: Encountered a deprecated javax.persistence.spi.PersistenceProvider [org.hibernate.ejb.HibernatePersistence]; use [org.hibernate.jpa.HibernatePersistenceProvider] instead.
jul. 17, 2024 10:50:45 AM org.hibernate.jpa.internal.util.LogHelper logPersistenceUnitInformation
INFO: HHH000204: Processing PersistenceUnitInfo [
	name: ProjetoLPOOE1_Lorenzo_paginaDeCinema_jar_1.0PU
	...]
jul. 17, 2024 10:50:45 AM org.hibernate.Version logVersion
INFO: HHH000412: Hibernate Core {5.3.3.Final}
jul. 17, 2024 10:50:45 AM org.hibernate.cfg.Environment <clinit>
INFO: HHH000206: hibernate.properties not found
jul. 17, 2024 10:50:45 AM org.hibernate.annotations.common.reflection.java.JavaReflectionManager <clinit>
INFO: HCANN000001: Hibernate Commons Annotations {5.0.4.Final}
jul. 17, 2024 10:50:45 AM org.hibernate.engine.jdbc.connections.internal.DriverManagerConnectionProviderImpl configure
WARN: HHH10001002: Using Hibernate built-in connection pool (not for production use!)
jul. 17, 2024 10:50:45 AM org.hibernate.engine.jdbc.connections.internal.DriverManagerConnectionProviderImpl buildCreator
INFO: HHH10001005: using driver [org.postgresql.Driver] at URL [jdbc:postgresql://localhost:5432/ProjetoLPOOE1_Lorenzo]
jul. 17, 2024 10:50:45 AM org.hibernate.engine.jdbc.connections.internal.DriverManagerConnectionProviderImpl buildCreator
INFO: HHH10001001: Connection properties: {password=****, user=postgres}
jul. 17, 2024 10:50:45 AM org.hibernate.engine.jdbc.connections.internal.DriverManagerConnectionProviderImpl buildCreator
INFO: HHH10001003: Autocommit mode: false
jul. 17, 2024 10:50:45 AM org.hibernate.engine.jdbc.connections.internal.DriverManagerConnectionProviderImpl$PooledConnections <init>
INFO: HHH000115: Hibernate connection pool size: 20 (min=1)
jul. 17, 2024 10:50:46 AM org.hibernate.dialect.Dialect <init>
INFO: HHH000400: Using dialect: org.hibernate.dialect.PostgreSQLDialect
jul. 17, 2024 10:50:46 AM org.hibernate.engine.jdbc.env.internal.LobCreatorBuilderImpl useContextualLobCreation
INFO: HHH000424: Disabling contextual LOB creation as createClob() method threw error : java.lang.reflect.InvocationTargetException
jul. 17, 2024 10:50:46 AM org.hibernate.type.BasicTypeRegistry register
INFO: HHH000270: Type registration [java.util.UUID] overrides previous : org.hibernate.type.UUIDBinaryType@263f04ca
jul. 17, 2024 10:50:47 AM org.hibernate.resource.transaction.backend.jdbc.internal.DdlTransactionIsolatorNonJtaImpl getIsolatedConnection
INFO: HHH10001501: Connection obtained from JdbcConnectionAccess [org.hibernate.engine.jdbc.env.internal.JdbcEnvironmentInitiator$ConnectionProviderJdbcConnectionAccess@4483d35] for (non-JTA) DDL execution was not in auto-commit mode; the Connection 'local transaction' will be committed and the Connection will be set into auto-commit mode.
jul. 17, 2024 10:50:47 AM org.hibernate.resource.transaction.backend.jdbc.internal.DdlTransactionIsolatorNonJtaImpl getIsolatedConnection
INFO: HHH10001501: Connection obtained from JdbcConnectionAccess [org.hibernate.engine.jdbc.env.internal.JdbcEnvironmentInitiator$ConnectionProviderJdbcConnectionAccess@3a8d467e] for (non-JTA) DDL execution was not in auto-commit mode; the Connection 'local transaction' will be committed and the Connection will be set into auto-commit mode.
jul. 17, 2024 10:50:47 AM org.hibernate.tool.schema.internal.SchemaCreatorImpl applyImportSources
INFO: HHH000476: Executing import script 'org.hibernate.tool.schema.internal.exec.ScriptSourceInputNonExistentImpl@3d19d85'
]]></system-err>
  </testcase>
</testsuite>